2017/12/11 12:50:01: 	管理员	admin	登陆成功！
2017/12/11 12:51:59: 	管理员	admin	注销成功！
2017/12/11 12:52:10: 	一般用户	user	登陆成功！
2017/12/11 13:07:38: 	管理员	admin	登陆成功！
2017/12/11 13:08:59: 	管理员	admin	登陆成功！
2017/12/11 13:10:09: 	管理员	admin	注销成功！
2017/12/11 13:10:27: 	一般用户	user	登陆成功！
2017/12/11 13:15:43: 	管理员	admin	登陆成功！
2017/12/11 13:20:40: 	管理员	admin	登陆成功！
2017/12/11 13:21:13: 	管理员	admin	登陆成功！
2017/12/11 13:23:04: 	管理员	admin	登陆成功！
2017/12/11 13:23:42: 	管理员	admin	登陆成功！
2017/12/11 13:24:13: 	管理员	admin	登陆成功！
2017/12/11 20:47:28: 	管理员	12312	登陆成功！
2018/1/11 23:47:44: 	管理员	123	登陆成功！
2018/1/14 13:37:20: 	管理员	123	登陆成功！
2018/1/14 13:38:16: 	管理员	123	登陆成功！
2018/1/14 13:39:14: 	管理员	123	登陆成功！
2018/1/14 13:40:17: 	管理员	123	登陆成功！
2018/1/14 13:41:19: 	管理员	123	登陆成功！
2018/1/14 13:43:54: 	管理员	123	登陆成功！
2018/1/14 14:06:45: 	一般用户	123	登陆成功！
2018/1/14 14:07:01: 	管理员	123	登陆成功！
2018/1/14 14:07:16: 	管理员	123	注销成功！
2018/1/14 14:07:41: 	一般用户	123	登陆成功！
2018/1/14 14:07:48: 	一般用户	123	注销成功！
2018/1/14 14:07:51: 	管理员	123	登陆成功！
2018/1/14 14:08:06: 	管理员	123	注销成功！
